<?xml version="1.0" encoding="UTF-8"?>
<testsuite xmlns:xsi="http://www.w3.org/2001/XMLSchema-instance" xsi:noNamespaceSchemaLocation="https://maven.apache.org/surefire/maven-surefire-plugin/xsd/surefire-test-report-3.0.xsd" version="3.0" name="testRunner.TestRunner" time="9.424" tests="1" errors="0" skipped="0" failures="0">
  <properties>
[...]
</properties>
  <testcase name="" classname="Title of your feature #3" time="8.608">
    <system-out><![CDATA[
@tag @without
Scenario:                                              # Features/EntirePractice.feature:17
  Given user launches the browser                      # stepDefinitions.Steps.user_launches_the_browser()
  And navigate to "https://blazedemo.com/"             # stepDefinitions.Steps.navigate_to(java.lang.String)
Paris
Philadelphia
Boston
Portland
San Diego
Mexico City
            Paris
            Philadelphia
            Boston
            Portland
            San Diego
            Mexico City
            São Paolo
        
  When user choose the departure city as "Mexico City" # stepDefinitions.Steps.user_choose_the_departure_city_as(java.lang.String)
]]></system-out>
    <system-err><![CDATA[SLF4J: Failed to load class "org.slf4j.impl.StaticLoggerBinder".
SLF4J: Defaulting to no-operation (NOP) logger implementation
SLF4J: See http://www.slf4j.org/codes.html#StaticLoggerBinder for further details.
Mar 30, 2024 9:54:06 AM org.openqa.selenium.devtools.CdpVersionFinder findNearestMatch
WARNING: Unable to find CDP implementation matching 123
Mar 30, 2024 9:54:06 AM org.openqa.selenium.chromium.ChromiumDriver lambda$new$5
WARNING: Unable to find version of CDP to use for 123.0.6312.86. You may need to include a dependency on a specific version of the CDP using something similar to `org.seleniumhq.selenium:selenium-devtools-v86:4.12.1` where the version ("v86") matches the version of the chromium-based browser you're using and the version number of the artifact is the same as Selenium's.
]]></system-err>
  </testcase>
</testsuite>